20231201	17:22:18	6c063f08-6d69-454a-85e8-f2af658f53f8	PATCH	/notes	undefined
20231201	17:23:11	5cb4de7e-9c3b-4bb3-bf0a-a94e9a8cf489	GET	/notes	undefined
20231201	17:28:25	eb0f41a9-2291-4088-af3a-84ad4aea6678	POST	/notes	undefined
20231201	17:29:55	253eb288-b0d5-4b07-b3bf-95aabb6933bc	GET	/notes	undefined
20231201	17:32:51	5086ac31-5afc-425e-98c9-7b71afef7922	PATCH	/notes	undefined
20231201	17:33:31	a533c8fb-d5c2-447d-a631-0dd933d7083b	DELETE	/notes	undefined
20231201	17:34:12	01afbbf2-c53d-4adc-a042-1283d0607c0a	GET	/notes	undefined
20231201	18:04:15	ba95bba3-2dd0-405b-bcba-7c9b99375ace	GET	/notes	http://localhost:5500
20231201	18:04:16	24e6725e-277e-4d4b-ad9a-e891163ce187	GET	/notes	http://localhost:5500
20231201	18:05:59	891d1c9c-db3e-4c7f-91f8-0f4eb0c6dd41	GET	/notes	http://localhost:5500
20231201	18:08:51	ae701ec9-48a2-4714-83cf-e3cc7516126f	GET	/notes	http://localhost:5500
20231201	18:08:52	554a571c-83f8-4b12-af11-24dd06806be5	GET	/notes	http://localhost:5500
20231201	18:09:08	47b59d4d-2030-445c-ac33-b94ee9d5b1bd	GET	/notes	undefined
20231201	18:11:27	aa1ef322-9791-46e2-b2ad-cdcddb11b772	GET	/notes	http://localhost:5500
20231201	18:11:28	d1ccd443-cd78-4b8d-8321-78df94eda9b3	GET	/notes	http://localhost:5500
20231201	18:11:53	ae251c39-fd72-41ae-b177-3ec8ec9be74a	GET	/notes	http://localhost:5500
20231201	18:11:54	b30a054b-f81c-474b-9194-0aeecf74d1c5	GET	/notes	http://localhost:5500
20231201	18:11:59	3eb5b57a-7362-4e83-8b90-73c9a4d984c1	GET	/notes	http://localhost:5500
20231201	18:13:01	3d0e87a8-3dcd-48d3-b536-be43f7cbe8cc	GET	/notes	http://localhost:5500
20231201	18:13:02	ea5fb0bb-3d6b-47f9-b26d-ab918aebd960	GET	/notes	http://localhost:5500
20231201	18:13:28	480fd7e0-1c23-4f57-a62d-ed7e152fc95d	GET	/notes	http://localhost:5500
20231201	18:13:29	864203c8-ea34-4453-9d1b-ef92f18b5741	GET	/notes	http://localhost:5500
20231201	18:13:57	625e8913-2f65-4b7a-a04c-c4b0bbca55b9	GET	/notes	http://localhost:5500
20231201	18:13:58	ac652b63-5f48-4e43-a5d4-eebdb6748227	GET	/notes	http://localhost:5500
20231201	18:19:19	0f041a9b-edec-493a-8335-d2ae08898b16	GET	/notes	http://localhost:5500
20231201	18:19:23	1cdf2949-b2f3-4978-b377-f469826ca74d	GET	/notes	http://localhost:5500
20231201	18:22:45	742b9484-13f1-46f8-9eb0-6e8ebce43cf8	GET	/notes	http://localhost:5500
20231201	18:22:46	0581a2fa-b5de-48a3-9e6c-56ed7d67cfa1	GET	/notes	http://localhost:5500
20231201	18:35:03	ddae41be-4d09-473a-ba9a-4e60a20972d1	GET	/notes	http://localhost:5500
20231201	18:35:04	6eefa0cd-7ee0-4505-bff4-09aafca02bad	GET	/notes	http://localhost:5500
20231201	18:37:34	ef60e263-fa47-4f76-8a62-a684815e09d9	GET	/notes	http://localhost:5500
20231201	18:37:39	bdd31494-cb7c-4a97-a7fc-bb213e854a16	GET	/notes	http://localhost:5500
20231201	18:37:43	53fb43be-0926-494f-a1fe-d7fc806e62c1	GET	/notes	http://localhost:5500
20231201	18:40:13	f4109efd-778f-4279-83e4-817d868933e9	GET	/notes	http://localhost:5500
20231201	18:41:26	b9fb8f56-94f0-4b64-907a-fbae762bc6e9	GET	/notes	undefined
20231201	18:42:12	a4684d57-9dd5-47e9-8ee4-46498803a43c	GET	/notes	http://localhost:5500
20231201	18:42:17	16c438a9-1363-413c-9b21-5674ff028e67	GET	/notes	http://localhost:5500
20231201	18:42:19	d84f7047-89d4-4fc2-87ab-25fcc9b4805b	GET	/notes	http://localhost:5500
20231201	18:42:24	b2ee17a7-5468-4059-ae6c-d5a9910ee919	GET	/notes	http://localhost:5500
20231201	18:43:15	b1b8d3ff-5a8f-4197-bc5f-47576b54748c	GET	/notes	http://localhost:5500
20231201	18:43:17	02a331cf-e42f-48b4-8dac-36b6db055064	GET	/notes	http://localhost:5500
20231201	18:44:35	252d2340-ca00-4dab-b757-86e63c7d5f73	GET	/notes	http://localhost:5500
20231201	18:44:35	1dd58536-9919-4dce-895b-11b997e49670	GET	/notes	http://localhost:5500
20231201	18:44:46	a5c99a82-70c3-425e-9e61-aaf06a2ecd94	GET	/notes	http://localhost:5500
20231201	18:44:47	5d1ff342-32ef-4ac7-b7bf-c71adedad78e	GET	/notes	http://localhost:5500
20231202	06:35:52	4e7f4d83-8a68-4b31-bbf4-5f9b62494eaf	GET	/notes	http://localhost:5500
20231202	06:36:41	8471c16b-9387-46f9-8d73-9781985571a7	OPTIONS	/notes	http://localhost:5500
20231202	06:36:41	33aac6c6-8717-4580-beeb-7ebccfe2512a	POST	/notes	http://localhost:5500
20231202	06:38:03	0ba62f5d-7e03-4ade-9d77-e88fb392881a	GET	/notes	http://localhost:5500
20231202	06:38:23	b9dfe7b4-b362-4dc4-b0de-2f8ced0f4bb8	OPTIONS	/notes	http://localhost:5500
20231202	06:38:23	b1ac1c16-41bb-467b-939c-f8be4fb0f2a5	POST	/notes	http://localhost:5500
20231202	06:40:30	352eaedd-81cc-4ffa-8e19-c3dd35e7a44d	OPTIONS	/notes	http://localhost:5500
20231202	06:40:30	6a1e62b8-1628-4dbe-afd3-2474c8bdb842	POST	/notes	http://localhost:5500
20231202	06:41:03	f7a9195b-f0fb-490f-a0b3-022610bb696f	OPTIONS	/notes	http://localhost:5500
20231202	06:41:03	1912bac7-81a0-4652-833b-becc2b8e14a7	POST	/notes	http://localhost:5500
20231202	06:41:48	06d1bd23-6532-4ef2-ac30-4bd667ff8f68	GET	/notes	http://localhost:5500
20231202	06:41:53	90168a4c-b6be-411c-95e7-e955c74df9ac	GET	/notes	http://localhost:5500
20231202	06:42:10	8b8284ec-9f55-4eba-9f47-2b10c3f845e8	GET	/notes	http://localhost:5500
20231202	06:42:13	7255908c-6a9a-4229-8e09-be03b518c3da	GET	/notes	http://localhost:5500
20231202	06:49:36	986b629c-05aa-4992-9f0b-ceb4efc8a428	GET	/notes	http://localhost:5500
20231202	06:58:27	f663fa8e-9afb-42c4-83c9-03e62351b036	GET	/notes	http://localhost:5500
20231202	07:01:56	ba686a4a-d83a-47ad-9c74-3b2664488dd2	GET	/notes	http://localhost:5500
20231202	07:02:46	70f49e77-92d5-432b-95a1-1d5cfece4d56	GET	/notes	http://localhost:5500
20231202	07:04:29	48a4abaf-610f-41a7-931f-44c43574c7bf	GET	/notes	http://localhost:5500
20231202	07:04:44	7a82e401-babb-4c1f-9b73-a0103575a66a	GET	/notes	http://localhost:5500
20231202	07:06:54	7ab01728-1e46-49c0-889b-c58137844cee	GET	/notes	http://localhost:5500
20231202	07:07:30	c365d5d0-b673-41b4-9f3b-bd873a20ff04	GET	/notes	http://localhost:5500
20231202	07:13:36	1a5501fb-0ca5-4703-8128-ca73858e07a3	GET	/notes	http://localhost:5500
20231202	07:13:50	558524cf-b012-4de1-9c98-33cf8308bcbf	GET	/notes	http://localhost:5500
20231202	07:14:00	3d5e7f2d-3d2d-4102-b60d-61cd0323658d	GET	/notes	http://localhost:5500
20231202	07:14:28	145d35db-5609-4edf-88b0-feea021c6894	GET	/notes	http://localhost:5500
20231202	07:14:47	2a10435a-ba76-45d8-b714-b57ee87d9c53	GET	/notes	http://localhost:5500
20231202	07:15:52	cd70a03e-652e-4755-a17c-7d0fa775bc70	GET	/notes	http://localhost:5500
20231202	07:16:12	0518788f-8894-4454-8ac8-991bc6bd0233	GET	/notes	http://localhost:5500
20231202	07:20:42	ee2b259f-36f8-4bec-9cab-a2bb1b12eb5c	GET	/notes	http://localhost:5500
20231202	07:24:53	017de42c-07e4-4dd6-9d6d-10e9255231ac	GET	/notes	http://localhost:5500
20231202	07:25:32	4482c7e6-20c3-497d-8498-b1a2a7e782af	GET	/notes	http://localhost:5500
20231202	07:26:05	5bcdf3d4-0890-4f4c-9cba-b65c55cd3011	GET	/notes	http://localhost:5500
20231202	07:27:36	1f1aca9f-3b81-4712-8bbc-a0695d1ccb8e	GET	/notes	http://localhost:5500
20231202	07:27:48	59422c2b-3c74-44dd-abe8-e25b35444486	GET	/notes	http://localhost:5500
20231202	07:28:13	aa03ec80-8f55-4efb-ab32-693091105a87	GET	/notes	http://localhost:5500
20231202	07:28:32	d11b55b6-7c3f-49e7-a61d-c097eae771d1	GET	/notes	http://localhost:5500
20231202	07:28:58	671efb32-a584-4d99-ab6c-eb358e2afe36	GET	/notes	http://localhost:5500
20231202	07:29:11	6581e2f7-ffec-4646-a5cb-82452098f32b	GET	/notes	http://localhost:5500
20231202	07:30:09	4c128e7e-dfb3-4c49-b40b-4e60f84b37cf	GET	/notes	http://localhost:5500
20231202	07:30:37	52a08465-6958-47c0-a3d6-d35893fa714d	GET	/notes	http://localhost:5500
20231202	07:41:50	55ac9325-2b36-40b4-90c3-4baeb41dbbdf	GET	/notes	http://localhost:5500
20231202	07:42:44	11e00b93-6a5b-4a72-9c60-e776615b1d51	GET	/notes	http://localhost:5500
20231202	07:48:51	8996d028-4c3d-4351-9281-159e5d793b3f	GET	/notes	http://localhost:5500
20231202	07:49:53	278e7c37-f094-47fb-80de-e9a98c44a539	GET	/notes	http://localhost:5500
20231202	07:50:59	0f027937-443d-40b9-8d47-87f60c5b5010	GET	/notes	http://localhost:5500
20231202	07:51:26	e20e157a-726a-4b72-9d42-a3da2e6edb35	GET	/notes	http://localhost:5500
20231202	07:53:27	88b7d631-43ba-48ed-b057-204f4e458436	GET	/notes	http://localhost:5500
20231202	07:53:38	0de56f56-48d3-4923-8141-35e8ea0f295a	GET	/notes	http://localhost:5500
20231202	07:54:26	ab941b29-e7cf-444a-87b3-c210a518c904	GET	/notes	http://localhost:5500
20231202	07:58:17	0eab9a87-6a4c-47b6-bc69-4c870afe702b	GET	/notes	http://localhost:5500
20231202	07:58:30	68281197-dbcb-4119-9131-fe948026f7af	GET	/notes	http://localhost:5500
20231202	07:58:34	8d985627-b7a6-42c5-88ab-87e5bfa353ef	GET	/notes	http://localhost:5500
20231202	07:59:02	2035229e-cf3d-4e62-9ece-bad83eae821a	GET	/notes	http://localhost:5500
20231202	07:59:19	13517b70-5284-4a03-98ae-bd5a4e9a4a2a	GET	/notes	http://localhost:5500
20231202	08:00:41	cbbfa1f4-2f35-400c-84c7-5eab16770ead	GET	/notes	http://localhost:5500
20231202	08:03:50	15a9c5c5-42cc-4f6a-b9f8-ad112189d04d	GET	/notes	http://localhost:5500
20231202	08:04:48	d147b574-1eb8-4ab5-8079-9bf610030434	GET	/notes	http://localhost:5500
20231202	08:10:37	5840c814-7523-40cf-8c4a-a5ae2f0a9efe	GET	/notes	http://localhost:5500
20231202	08:10:48	7e8c3610-aabb-4592-aa8a-54f1a1edf3b4	GET	/notes	http://localhost:5500
20231202	08:11:23	31756c74-2052-4ebc-a20b-800282373ecb	GET	/notes	http://localhost:5500
20231202	08:11:46	293fc94d-d750-4348-8f65-f62b6c01417c	GET	/notes	http://localhost:5500
20231202	08:15:23	abff4d0a-8e9c-4484-9a4e-4b9ede9181a5	GET	/notes	http://localhost:5500
20231202	08:15:47	c9dc1a74-becc-4540-b639-e75dafb9800e	GET	/notes	http://localhost:5500
20231202	08:16:14	3b92094f-585e-47a8-9902-627fbce7b527	GET	/notes	http://localhost:5500
20231202	08:17:09	97d89646-d85c-4415-aaa5-b7397a49670c	GET	/notes	http://localhost:5500
20231202	08:20:11	cdef5f47-983f-4c19-b965-3891bf4dacf2	GET	/notes	http://localhost:5500
20231203	11:46:23	ec05690e-6520-4355-95b3-fdf5dc08a16a	GET	/notes	http://localhost:5500
20231203	11:48:55	b58b2253-69cd-434d-9175-95a425d32280	GET	/notes	http://localhost:5500
20231203	11:48:55	9553a4dd-b727-4b8e-9410-e8d31071aa3d	GET	/notes	http://127.0.0.1:5500
20231203	11:48:55	81d232e0-aa17-4c44-a38f-e7fe52f3eccb	GET	/notes	http://localhost:5500
20231203	11:49:57	4922f201-0c4c-481a-912d-7f17effac736	GET	/notes	http://localhost:5500
20231203	11:53:24	38a56bd6-ecd9-4af3-af3e-bdd91e1a97bb	GET	/notes	http://localhost:5500
20231203	11:54:25	a1a31ee2-f130-420f-9a21-5348ac7d8a98	GET	/notes	http://127.0.0.1:5500
20231203	11:54:26	268f9acb-a14a-4f34-b61a-5f487f41dd4f	GET	/notes	http://localhost:5500
20231203	11:54:26	bd1d710b-ebba-4cae-af10-495ee8f960fb	GET	/notes	http://localhost:5500
20231203	11:56:44	6fe5acbb-9694-40dd-859d-6af12e646110	GET	/notes	http://127.0.0.1:5500
20231203	11:56:45	e81f8db1-1dce-4f27-b646-93453e8c5cb9	GET	/notes	http://localhost:5500
20231203	11:56:46	89caad7e-4c9a-453f-8834-c8ad148c18a0	GET	/notes	http://localhost:5500
20231203	11:59:47	b905f176-e4ce-4fff-8f79-03c0f4740b39	GET	/notes	http://127.0.0.1:5500
20231203	11:59:48	a92bb1cd-7f23-4335-bea0-c21420ffe105	GET	/notes	http://localhost:5500
20231203	11:59:48	9a9379f5-bf0a-4de1-88c7-113e405d004c	GET	/notes	http://localhost:5500
20231203	11:59:50	c2b9539a-ba20-4973-8d69-68f9655ef241	GET	/notes	http://127.0.0.1:5500
20231203	11:59:50	63809e39-5e25-42d0-bd2f-94efbeaf54f4	GET	/notes	http://localhost:5500
20231203	11:59:51	a661e5ee-7490-4caa-9800-7d36f37fda9b	GET	/notes	http://localhost:5500
20231203	12:01:13	dd57365d-c527-4d43-bca7-d8b1c9625c13	GET	/notes	http://127.0.0.1:5500
20231203	12:01:13	c342c722-5398-4f33-93c4-2671e2de3de3	GET	/notes	http://localhost:5500
20231203	12:01:28	d0b18a7e-c3c0-4669-aebb-fd92d0fa266e	GET	/notes	http://127.0.0.1:5500
20231203	12:01:30	39def501-76e5-4bfc-a326-4fe30f43e98f	GET	/notes	http://localhost:5500
20231203	12:01:46	412b7746-0631-456c-86f5-2dbdd0c65368	GET	/notes	http://localhost:5500
20231203	12:02:01	017e5370-1143-4e40-b698-559433da49c8	GET	/notes	http://localhost:5500
20231203	12:02:22	b7750d6f-fdc6-4dd3-acac-c449ec65ef71	GET	/notes	http://127.0.0.1:5500
20231203	12:02:24	fa0030ed-fe91-41e6-8c1c-6180e4c55620	GET	/notes	http://localhost:5500
20231203	12:04:05	007cf5cb-3652-4573-b159-7cd7d54737a5	GET	/notes	http://127.0.0.1:5500
20231203	12:04:07	0291f52b-a437-4e39-919b-3e619ac03b1f	GET	/notes	http://localhost:5500
20231203	12:04:29	62b2201f-6a8e-4666-a784-a38607c24910	GET	/notes	http://127.0.0.1:5500
20231203	12:04:30	8db3a1a5-fbae-472d-819b-74ffb0be61d1	GET	/notes	http://localhost:5500
20231203	12:04:45	02baedce-4433-49eb-bc49-6e7d1634f056	GET	/notes	http://127.0.0.1:5500
20231203	12:04:47	433932b9-b589-44a2-ab9d-cc76f875c8e8	GET	/notes	http://localhost:5500
20231203	12:05:22	9e76d290-b4b6-4321-80f8-ba876c0e30ed	GET	/notes	http://127.0.0.1:5500
20231203	12:05:23	ccc03252-bbc7-4eb6-8d3c-f084636ee212	GET	/notes	http://localhost:5500
20231203	12:05:57	4b63ab41-85f5-4962-bd68-7833319c4e9b	GET	/notes	http://127.0.0.1:5500
20231203	12:05:58	f3cb18df-6916-4387-9f3a-3c828a2dc64e	GET	/notes	http://localhost:5500
20231203	12:06:03	4737adf4-1a4c-4e12-8a5f-c4f0ffdf060e	GET	/notes	http://localhost:5500
20231203	12:07:22	210b9837-5ef8-4dff-9aa2-3f941d6ce636	GET	/notes	http://127.0.0.1:5500
20231203	12:07:23	91283f41-0090-478b-addc-c45620a82dc9	GET	/notes	http://localhost:5500
20231203	12:08:13	0234aa56-b193-46c4-b8cb-e589ca2efd91	GET	/notes	http://127.0.0.1:5500
20231203	12:08:13	ecfd5f85-d973-4cf6-87b9-e6090cc41ae2	GET	/notes	http://localhost:5500
20231203	12:10:09	3ffe6934-a210-4fee-bd99-cb1bea4fff42	GET	/notes	http://127.0.0.1:5500
20231203	12:10:10	f7d00c7d-8606-4b33-a444-d18c19eeeb70	GET	/notes	http://localhost:5500
20231203	12:11:56	f197fa7c-1068-47ad-bf42-25c5e79fc3dd	GET	/notes	http://127.0.0.1:5500
20231203	12:11:57	6b4f8af8-0e9b-459f-b0ae-49ac26b500c8	GET	/notes	http://localhost:5500
20231203	12:12:03	58b1d84b-7894-40f6-a812-9bc6d9e54cec	GET	/notes	http://127.0.0.1:5500
20231203	12:12:04	4e0f281f-6735-4388-a3d7-6afd7cdbdc60	GET	/notes	http://localhost:5500
20231203	12:14:53	19205ce1-7b3c-401e-9172-272acb761de7	GET	/notes	http://127.0.0.1:5500
20231203	12:14:54	611211c2-9ef8-4b41-bad7-1241c5ab638b	GET	/notes	http://localhost:5500
20231203	12:15:11	851c0298-d79b-413c-8c9f-a94641ccaf04	GET	/notes	http://127.0.0.1:5500
20231203	12:15:12	25cc6e8e-fc4f-4ff0-a5c7-3e0173f6a59a	GET	/notes	http://localhost:5500
20231203	12:15:38	ae049479-fe4a-4370-9637-5cd36c597bb6	GET	/notes	http://127.0.0.1:5500
20231203	12:15:38	b0ac566b-e080-4661-8f73-613d325c0ca6	GET	/notes	http://localhost:5500
20231203	12:16:25	3cd9c754-e42a-43b1-928c-fdd627d2c4e3	GET	/notes	http://127.0.0.1:5500
20231203	12:16:27	fdf545d0-a682-47db-bc53-84bf494a28f2	GET	/notes	http://localhost:5500
20231203	12:20:27	9e4a79d2-9dab-4e4a-8702-3c4688d8b7e0	GET	/notes	http://127.0.0.1:5500
20231203	12:20:28	32edd91d-84d2-4e97-938e-d5a24b338bb9	GET	/notes	http://localhost:5500
20231203	12:21:24	5e4d7909-2b34-4632-8f1f-8edd7f1bf2b6	GET	/notes	http://127.0.0.1:5500
20231203	12:21:25	f5e29f80-9c19-4a26-b7be-36a77f6893fb	GET	/notes	http://localhost:5500
20231203	12:23:46	6d20f4ba-d32a-4de3-af95-c6048c5d8468	GET	/notes	http://127.0.0.1:5500
20231203	12:23:47	67398663-4194-42f9-839e-69fa08bc4ebb	GET	/notes	http://localhost:5500
20231203	12:28:09	675434a8-c7a5-4947-ac81-f992cd686379	GET	/notes	http://127.0.0.1:5500
20231203	12:28:10	f18e49e5-8a3c-4151-9c07-6c75b7a53c89	GET	/notes	http://localhost:5500
20231203	12:28:28	3967fe5b-2003-4dab-ae99-ea6323a0a935	GET	/notes	http://127.0.0.1:5500
20231203	12:28:29	c8956639-c012-49ac-b7cd-c72e3b538456	GET	/notes	http://localhost:5500
20231203	12:29:09	02f093fb-55f8-408a-a892-50ff1505a052	GET	/notes	http://localhost:5500
20231203	12:29:18	0a5cc7c9-98e7-484e-ad83-71512205e45a	GET	/notes	http://127.0.0.1:5500
20231203	12:30:10	c9661703-c548-47d8-95a6-3a34469b4fa5	GET	/notes	http://localhost:5500
20231203	12:30:33	953fd4e1-f90c-4b68-9d3c-b067afdda5b1	GET	/notes	http://localhost:5500
20231203	12:31:12	18640e13-a77e-499d-9d4f-f1dde24d362d	GET	/notes	http://localhost:5500
20231203	12:31:25	28ab4dd6-825b-4ef8-8327-4040a31073c9	GET	/notes	http://localhost:5500
20231203	12:35:18	7d555acb-aebe-4976-9269-7831cb8b91fa	GET	/notes	http://localhost:5500
20231203	12:40:44	7795c69b-e2e1-4b02-bda7-837e60287f96	GET	/notes	http://localhost:5500
20231203	12:44:43	a5dd3398-ddab-4889-8141-693717f54ee3	GET	/notes	http://localhost:5500
20231203	12:46:15	d9c60410-2035-472f-9a95-8f57de006adf	GET	/notes	http://localhost:5500
20231203	12:46:15	97e53b61-5425-4c7f-b366-30a5c5428947	OPTIONS	/notes	http://localhost:5500
20231203	12:46:15	4a2b3c23-1436-4731-bfad-8a892c071f29	DELETE	/notes	http://localhost:5500
20231203	12:46:15	507ebc14-6165-4eda-aa50-46695361f387	DELETE	/notes	http://localhost:5500
20231203	12:46:15	e7d26022-43f8-46f5-844d-cb78ae61f9e0	DELETE	/notes	http://localhost:5500
20231203	12:46:18	dc94bb35-747a-4316-99d1-190ce3c02e6e	GET	/notes	http://127.0.0.1:5500
20231203	12:47:26	b7c7a67d-5820-467b-901c-414604b70ef3	GET	/notes	http://localhost:5500
20231203	12:47:26	131ef0d2-9034-4275-85b5-66f0990d8e28	OPTIONS	/notes	http://localhost:5500
20231203	12:47:26	aec0ce81-fdab-41bb-993b-57d575d66117	OPTIONS	/notes	http://localhost:5500
20231203	12:47:26	0da1b9e9-b5b2-4acc-9105-20fd281bfa95	DELETE	/notes	http://localhost:5500
20231203	12:47:26	537c3980-cc4f-406e-ab56-ddbe3087c2aa	DELETE	/notes	http://localhost:5500
20231203	12:47:26	b1272291-3dd3-48eb-8dab-1e068b9ce5e8	DELETE	/notes	http://localhost:5500
20231203	12:48:49	e63f6edb-81ee-4e23-aef4-1f5481c3c315	GET	/notes	http://localhost:5500
20231203	12:50:07	53f957e7-aeac-4098-93f3-3bec20f9ab2d	OPTIONS	/notes	http://localhost:5500
20231203	12:50:07	ddcf76f9-11f0-4c61-bbc1-5931ec4213a3	DELETE	/notes	http://localhost:5500
20231203	12:50:16	90b43629-c455-4dc5-84f4-f483e686ce64	OPTIONS	/notes	http://localhost:5500
20231203	12:50:16	50ef1853-b7e5-4dfa-99a3-5387319de17e	DELETE	/notes	http://localhost:5500
20231203	12:52:07	737c1542-df29-47c8-8732-bcc80bac5019	GET	/notes	http://localhost:5500
20231203	12:52:18	1a56c4b8-55ec-4bc3-ae5a-cc311f719fdd	GET	/notes	http://localhost:5500
20231203	12:52:18	b16a7a3d-37cd-4027-83fe-96de0c3ad56b	OPTIONS	/notes	http://localhost:5500
20231203	12:52:18	a588c7b8-4eab-486c-a767-0f39b1d364b2	DELETE	/notes	http://localhost:5500
20231203	12:52:18	c856b744-9738-41f6-8bc4-a1d2cb5c8379	DELETE	/notes	http://localhost:5500
20231203	12:52:18	75bc5f44-0bd2-45bb-8642-e6e37b79e763	DELETE	/notes	http://localhost:5500
20231203	12:52:30	3180dade-aa82-4397-8359-7f2ac0d73780	GET	/notes	http://localhost:5500
20231203	12:52:42	3cc1ab71-33ce-40c2-8c52-5582087b6fcb	GET	/notes	http://localhost:5500
20231203	12:52:42	5106d128-90a3-4791-9e05-dd1d64108f58	OPTIONS	/notes	http://localhost:5500
20231203	12:52:42	40ed53ea-ae80-41ee-bd6f-7ce10c1d25c2	DELETE	/notes	http://localhost:5500
20231203	12:52:42	a01297b7-db93-466b-b37d-0231b657ed71	DELETE	/notes	http://localhost:5500
20231203	12:52:42	b070c955-9558-4dbe-8cdd-d22b47ee3f5c	DELETE	/notes	http://localhost:5500
20231203	12:53:11	14314e46-789f-43b6-af27-ea09b8e40b81	GET	/notes	http://127.0.0.1:5500
20231203	12:53:19	7f62fbf0-7189-42b2-b6b0-300221a35d50	GET	/notes	http://127.0.0.1:5500
20231203	12:53:20	6d0989bc-c241-4563-a026-dd49357eb3b5	GET	/notes	http://localhost:5500
20231203	12:53:31	530ffc05-0853-42c1-b7c6-342b76472d83	GET	/notes	http://localhost:5500
20231203	12:54:21	e95c1ceb-20ba-450a-8aa1-0d7897b33f2e	GET	/notes	http://127.0.0.1:5500
20231203	12:54:27	268c9a78-dcb5-4bf7-a1c4-abc4eb9a6caa	GET	/notes	http://localhost:5500
20231203	12:54:41	bc1ee41a-5f21-4a16-aa07-251011bafc1c	OPTIONS	/notes	http://localhost:5500
20231203	12:54:41	7f6294dd-7d70-4038-9638-2953e94f239e	DELETE	/notes	http://localhost:5500
20231203	12:54:56	8c88d0f1-184b-45ad-a0d7-a2ecc5c3cdbd	GET	/notes	http://127.0.0.1:5500
20231203	12:54:57	45f4b6cf-9f72-4509-a8ff-4522a7f56de9	GET	/notes	http://localhost:5500
20231203	12:55:20	561740bf-0a4b-4f11-95c9-c9fda1970d18	GET	/notes	http://127.0.0.1:5500
20231203	12:55:21	1e8f605f-acc9-4b5e-aa25-fa7d16114d51	GET	/notes	http://localhost:5500
20231203	12:55:33	97d530f0-69ea-4b0d-bef0-29ef18e65e08	OPTIONS	/notes	http://localhost:5500
20231203	12:55:33	2587e3c4-a666-4d0a-9e07-d87567bef57a	DELETE	/notes	http://localhost:5500
20231203	12:58:55	f1c0c392-248e-43cd-972d-13cfde4ffb63	GET	/notes	http://127.0.0.1:5500
20231203	12:58:56	b05f3fe0-03c7-4e17-a462-954edf522873	GET	/notes	http://localhost:5500
20231203	12:59:00	8ebd8f60-8da6-43d5-9408-07be4e6c091a	OPTIONS	/notes	http://localhost:5500
20231203	12:59:00	2fd3f58f-27c5-4c8f-a1ef-47194e3613a8	DELETE	/notes	http://localhost:5500
20231203	12:59:24	48fcfebb-8f12-409d-b494-a95ab0550482	GET	/notes	http://127.0.0.1:5500
20231203	12:59:26	e301ef7c-7be9-4f1c-9f6c-a21da0d1562a	GET	/notes	http://localhost:5500
20231203	13:00:23	6014586a-f4a5-4449-8e1c-38d16cd82db9	GET	/notes	http://127.0.0.1:5500
20231203	13:00:24	9ebdddc7-de93-466b-97ba-93700c7f0f01	GET	/notes	http://localhost:5500
20231203	13:01:15	864a5fb0-82ba-44f2-8207-37af296f3e9f	GET	/notes	http://127.0.0.1:5500
20231203	13:01:15	f645b32f-621d-4b3a-9644-3f88f5ec3f22	GET	/notes	http://localhost:5500
20231203	13:01:26	30bddefe-f3f8-4806-bec9-2944c295c6bf	GET	/notes	http://localhost:5500
20231203	13:04:19	658e9f66-54c4-443f-ad59-979d868207ea	GET	/notes	http://127.0.0.1:5500
20231203	13:04:20	cbb32f5d-8238-4a09-85a0-a116cb70465e	GET	/notes	http://localhost:5500
20231203	13:04:40	6c9858b3-f379-4709-ae98-cecd0c9c8cfd	GET	/notes	http://127.0.0.1:5500
20231203	13:04:40	02ff1479-7d57-4f15-bf67-492ae6a49ef1	GET	/notes	http://localhost:5500
20231203	13:05:10	94c0b761-f8a1-4500-8d28-ab873ef33e1a	GET	/notes	http://localhost:5500
20231203	13:05:16	00d01455-7c47-4286-8aae-5fd88e58fc9d	GET	/notes	http://localhost:5500
20231203	13:07:11	e3a6724b-0c61-4fcb-98f3-4bdb6780b798	GET	/notes	http://127.0.0.1:5500
20231203	13:07:11	5193dede-b343-4a96-8edc-126b1eb0ec48	GET	/notes	http://localhost:5500
